<?xml version="1.0" encoding="UTF-8"?>
<Site BuildName="Linux-g++"
	BuildStamp="20231121-1909-Experimental"
	Name="nobara-pc"
	Generator="ctest-3.27.7"
	CompilerName="/usr/bin/g++"
	CompilerVersion="13.2.1"
	OSName="Linux"
	Hostname="nobara-pc"
	OSRelease="6.5.9-201.fsync.fc38.x86_64"
	OSVersion="#1 SMP PREEMPT_DYNAMIC Tue Oct 31 20:31:40 UTC 2023"
	OSPlatform="x86_64"
	Is64Bits="1"
	VendorString="GenuineIntel"
	VendorID="Intel Corporation"
	FamilyID="6"
	ModelID="158"
	ProcessorCacheSize="3072"
	NumberOfLogicalCPU="4"
	NumberOfPhysicalCPU="2"
	TotalVirtualMemory="16877"
	TotalPhysicalMemory="7866"
	LogicalProcessorsPerPhysical="2"
	ProcessorClockFrequency="3500.01"
	>
	<Testing>
		<StartDateTime>Nov 21 23:00 EET</StartDateTime>
		<StartTestTime>1700600435</StartTestTime>
		<TestList>
			<Test>./Buffer_is_cleaned_correctly</Test>
		</TestList>
		<Test Status="passed">
			<Name>Buffer_is_cleaned_correctly</Name>
			<Path>.</Path>
			<FullName>./Buffer_is_cleaned_correctly</FullName>
			<FullCommandLine>/home/teh-phoenix/Documents/7/ISD/Lab5/build/Test3</FullCommandLine>
			<Results>
				<NamedMeasurement type="numeric/double" name="Execution Time">
					<Value>0.0210434</Value>
				</NamedMeasurement>
				<NamedMeasurement type="numeric/double" name="Processors">
					<Value>1</Value>
				</NamedMeasurement>
				<NamedMeasurement type="text/string" name="Completion Status">
					<Value>Completed</Value>
				</NamedMeasurement>
				<NamedMeasurement type="text/string" name="Command Line">
					<Value>/home/teh-phoenix/Documents/7/ISD/Lab5/build/Test3</Value>
				</NamedMeasurement>
				<NamedMeasurement type="text/string" name="Environment">
					<Value>#CTEST_RESOURCE_GROUP_COUNT=</Value>
				</NamedMeasurement>
				<Measurement>
					<Value></Value>
				</Measurement>
			</Results>
		</Test>
		<EndDateTime>Nov 21 23:00 EET</EndDateTime>
		<EndTestTime>1700600435</EndTestTime>
		<ElapsedMinutes>0</ElapsedMinutes>
	</Testing>
</Site>
